<?xml version='1.0' encoding='UTF-8'?>
<testsuite hostname="Work-PC" name="ChainApiTest" tests="3" errors="0" failures="1" skipped="0" time="2.018">
                     <properties>
      <property name="jline.esc.timeout" value="0"/><property name="java.runtime.name" value="Java(TM) SE Runtime Environment"/><property name="sun.boot.library.path" value="C:\Program Files\Java\jre1.8.0_66\bin"/><property name="java.vm.version" value="25.66-b18"/><property name="jline.terminal" value="jline.UnixTerminal"/><property name="java.vm.vendor" value="Oracle Corporation"/><property name="java.vendor.url" value="http://java.oracle.com/"/><property name="path.separator" value=";"/><property name="java.vm.name" value="Java HotSpot(TM) 64-Bit Server VM"/><property name="file.encoding.pkg" value="sun.io"/><property name="user.country" value="US"/><property name="user.script" value=""/><property name="sun.java.launcher" value="SUN_STANDARD"/><property name="sun.os.patch.level" value="Service Pack 1"/><property name="java.vm.specification.name" value="Java Virtual Machine Specification"/><property name="user.dir" value="D:\Work\Frameworks\eos-scala-rpc-api"/><property name="java.runtime.version" value="1.8.0_66-b18"/><property name="java.awt.graphicsenv" value="sun.awt.Win32GraphicsEnvironment"/><property name="java.endorsed.dirs" value="C:\Program Files\Java\jre1.8.0_66\lib\endorsed"/><property name="os.arch" value="amd64"/><property name="java.io.tmpdir" value="C:\Users\Work\AppData\Local\Temp\"/><property name="line.separator" value="
"/><property name="java.vm.specification.vendor" value="Oracle Corporation"/><property name="user.variant" value=""/><property name="os.name" value="Windows 7"/><property name="sun.jnu.encoding" value="Cp1252"/><property name="java.library.path" value="C:\Program Files\Java\jre1.8.0_66\bin;C:\Windows\Sun\Java\bin;C:\Windows\system32;C:\Windows;C:\Users\Work\bin;D:\Programs\Git\Git\mingw64\bin;D:\Programs\Git\Git\usr\local\bin;D:\Programs\Git\Git\usr\bin;D:\Programs\Git\Git\usr\bin;D:\Programs\Git\Git\mingw64\bin;D:\Programs\Git\Git\usr\bin;C:\Users\Work\bin;C:\Program Files\ImageMagick-7.0.4-Q16;C:\ProgramData\Oracle\Java\javapath;C:\Windows\system32;C:\Windows;C:\Windows\System32\Wbem;C:\Windows\System32\WindowsPowerShell\v1.0;D:\Tools\sbt\bin;C:\Program Files (x86)\Skype\Phone;C:\Program Files (x86)\GtkSharp\2.12\bin;C:\ProgramData\ComposerSetup\bin;D:\Tools\sbt\bin;C:\Program Files (x86)\Windows Kits\8.1\Windows Performance Toolkit;D:\Programs\Git\Git\cmd;D:\Tools\Node;C:\Ruby24-x64\bin;D:\Tools\postgres\bin;C:\Program Files\Java\jdk1.8.0_66;C:\Program Files\Java\jdk1.8.0_66\bin;C:\ProgramData\Oracle\Java\javapath;C:\Windows\system32;C:\Windows;C:\Windows\System32\Wbem;C:\Windows\System32\WindowsPowerShell\v1.0;D:\Programs\Git\Git\cmd;D:\Programs\Xampp 7\php;C:\Users\Work\AppData\Roaming\Composer\vendor\bin;D:\Tools\AndroidSDK\platform-tools;D:\Tools\AndroidSDK\tools;D:\tools\activator;D:\Tools\maven\bin;C:\MinGW\bin;C:\Users\Work\AppData\Roaming\npm;C:\OpenSSL-Win64\bin;D:\Tools\Docker Toolbox;D:\Programs\Git\usr\bin;C:\Python27;C:\Python27\Scripts;C:\Ruby24-x64\bin;D:\Programs\Git\Git\usr\bin\vendor_perl;D:\Programs\Git\Git\usr\bin\core_perl;."/><property name="java.specification.name" value="Java Platform API Specification"/><property name="java.class.version" value="52.0"/><property name="sun.management.compiler" value="HotSpot 64-Bit Tiered Compilers"/><property name="os.version" value="6.1"/><property name="user.home" value="C:\Users\Work"/><property name="user.timezone" value="Asia/Jerusalem"/><property name="java.awt.printerjob" value="sun.awt.windows.WPrinterJob"/><property name="file.encoding" value="Cp1252"/><property name="java.specification.version" value="1.8"/><property name="java.class.path" value="D:\Tools\sbt\bin\sbt-launch.jar"/><property name="user.name" value="Work"/><property name="jline.shutdownhook" value="false"/><property name="java.vm.specification.version" value="1.8"/><property name="sun.java.command" value="D:\Tools\sbt\bin\sbt-launch.jar testOnly ChainApiTest"/><property name="java.home" value="C:\Program Files\Java\jre1.8.0_66"/><property name="sun.arch.data.model" value="64"/><property name="user.language" value="en"/><property name="java.specification.vendor" value="Oracle Corporation"/><property name="awt.toolkit" value="sun.awt.windows.WToolkit"/><property name="java.vm.info" value="mixed mode"/><property name="java.version" value="1.8.0_66"/><property name="java.ext.dirs" value="C:\Program Files\Java\jre1.8.0_66\lib\ext;C:\Windows\Sun\Java\lib\ext"/><property name="sun.boot.class.path" value="C:\Program Files\Java\jre1.8.0_66\lib\resources.jar;C:\Program Files\Java\jre1.8.0_66\lib\rt.jar;C:\Program Files\Java\jre1.8.0_66\lib\sunrsasign.jar;C:\Program Files\Java\jre1.8.0_66\lib\jsse.jar;C:\Program Files\Java\jre1.8.0_66\lib\jce.jar;C:\Program Files\Java\jre1.8.0_66\lib\charsets.jar;C:\Program Files\Java\jre1.8.0_66\lib\jfr.jar;C:\Program Files\Java\jre1.8.0_66\classes"/><property name="java.vendor" value="Oracle Corporation"/><property name="file.separator" value="\"/><property name="sbt.cygwin" value="true"/><property name="java.vendor.url.bug" value="http://bugreport.sun.com/bugreport/"/><property name="sun.io.unicode.encoding" value="UnicodeLittle"/><property name="sun.cpu.endian" value="little"/><property name="sun.desktop" value="windows"/><property name="sun.cpu.isalist" value="amd64"/>
    </properties>
                     <testcase classname="ChainApiTest" name="ChainAPI should be able to get block info" time="1.483">
                                                 
                                               </testcase><testcase classname="ChainApiTest" name="ChainAPI should be able to get a block" time="0.267">
                                                 
                                               </testcase><testcase classname="ChainApiTest" name="ChainAPI should be able to get an account" time="0.268">
                                                 <failure message="None was empty" type="org.scalatest.exceptions.TestFailedException">org.scalatest.exceptions.TestFailedException: None was empty
	at org.scalatest.Assertions.newAssertionFailedException(Assertions.scala:528)
	at org.scalatest.Assertions.newAssertionFailedException$(Assertions.scala:527)
	at TestingHelpers$.newAssertionFailedException(TestingHelpers.scala:9)
	at org.scalatest.Assertions$AssertionsHelper.macroAssert(Assertions.scala:501)
	at TestingHelpers$.assertNonEmptyJsonResponseWithLogger(TestingHelpers.scala:24)
	at ChainApiTest.$anonfun$new$6(ChainApiTest.scala:11)
	at scala.util.Success.$anonfun$map$1(Try.scala:251)
	at scala.util.Success.map(Try.scala:209)
	at scala.concurrent.Future.$anonfun$map$1(Future.scala:289)
	at scala.concurrent.impl.Promise.liftedTree1$1(Promise.scala:29)
	at scala.concurrent.impl.Promise.$anonfun$transform$1(Promise.scala:29)
	at scala.concurrent.impl.CallbackRunnable.run(Promise.scala:60)
	at org.scalatest.concurrent.SerialExecutionContext.recRunNow(SerialExecutionContext.scala:120)
	at org.scalatest.concurrent.SerialExecutionContext.runNow(SerialExecutionContext.scala:111)
	at org.scalatest.AsyncSuperEngine.runTestImpl(AsyncEngine.scala:295)
	at org.scalatest.AsyncFlatSpecLike.runTest(AsyncFlatSpecLike.scala:1709)
	at org.scalatest.AsyncFlatSpecLike.runTest$(AsyncFlatSpecLike.scala:1689)
	at org.scalatest.AsyncFlatSpec.runTest(AsyncFlatSpec.scala:2219)
	at org.scalatest.AsyncFlatSpecLike.$anonfun$runTests$1(AsyncFlatSpecLike.scala:1767)
	at org.scalatest.AsyncSuperEngine.$anonfun$runTestsInBranch$2(AsyncEngine.scala:437)
	at org.scalatest.Status.$anonfun$thenRun$1(Status.scala:225)
	at org.scalatest.Status.$anonfun$thenRun$1$adapted(Status.scala:223)
	at org.scalatest.ScalaTestStatefulStatus.whenCompleted(Status.scala:607)
	at org.scalatest.Status.thenRun(Status.scala:223)
	at org.scalatest.Status.thenRun$(Status.scala:221)
	at org.scalatest.ScalaTestStatefulStatus.thenRun(Status.scala:503)
	at org.scalatest.AsyncSuperEngine.$anonfun$runTestsInBranch$1(AsyncEngine.scala:437)
	at scala.collection.LinearSeqOptimized.foldLeft(LinearSeqOptimized.scala:122)
	at scala.collection.LinearSeqOptimized.foldLeft$(LinearSeqOptimized.scala:118)
	at scala.collection.immutable.List.foldLeft(List.scala:86)
	at org.scalatest.AsyncSuperEngine.traverseSubNodes$1(AsyncEngine.scala:419)
	at org.scalatest.AsyncSuperEngine.runTestsInBranch(AsyncEngine.scala:475)
	at org.scalatest.AsyncSuperEngine.$anonfun$runTestsInBranch$1(AsyncEngine.scala:460)
	at scala.collection.LinearSeqOptimized.foldLeft(LinearSeqOptimized.scala:122)
	at scala.collection.LinearSeqOptimized.foldLeft$(LinearSeqOptimized.scala:118)
	at scala.collection.immutable.List.foldLeft(List.scala:86)
	at org.scalatest.AsyncSuperEngine.traverseSubNodes$1(AsyncEngine.scala:419)
	at org.scalatest.AsyncSuperEngine.runTestsInBranch(AsyncEngine.scala:483)
	at org.scalatest.AsyncSuperEngine.runTestsImpl(AsyncEngine.scala:550)
	at org.scalatest.AsyncFlatSpecLike.runTests(AsyncFlatSpecLike.scala:1767)
	at org.scalatest.AsyncFlatSpecLike.runTests$(AsyncFlatSpecLike.scala:1766)
	at org.scalatest.AsyncFlatSpec.runTests(AsyncFlatSpec.scala:2219)
	at org.scalatest.Suite.run(Suite.scala:1147)
	at org.scalatest.Suite.run$(Suite.scala:1129)
	at org.scalatest.AsyncFlatSpec.org$scalatest$AsyncFlatSpecLike$$super$run(AsyncFlatSpec.scala:2219)
	at org.scalatest.AsyncFlatSpecLike.$anonfun$run$1(AsyncFlatSpecLike.scala:1812)
	at org.scalatest.AsyncSuperEngine.runImpl(AsyncEngine.scala:620)
	at org.scalatest.AsyncFlatSpecLike.run(AsyncFlatSpecLike.scala:1812)
	at org.scalatest.AsyncFlatSpecLike.run$(AsyncFlatSpecLike.scala:1810)
	at org.scalatest.AsyncFlatSpec.run(AsyncFlatSpec.scala:2219)
	at org.scalatest.tools.Framework.org$scalatest$tools$Framework$$runSuite(Framework.scala:314)
	at org.scalatest.tools.Framework$ScalaTestTask.execute(Framework.scala:507)
	at sbt.TestRunner.runTest$1(TestFramework.scala:76)
	at sbt.TestRunner.run(TestFramework.scala:85)
	at sbt.TestFramework$$anon$2$$anonfun$$init$$1$$anonfun$apply$8.apply(TestFramework.scala:202)
	at sbt.TestFramework$$anon$2$$anonfun$$init$$1$$anonfun$apply$8.apply(TestFramework.scala:202)
	at sbt.TestFramework$.sbt$TestFramework$$withContextLoader(TestFramework.scala:185)
	at sbt.TestFramework$$anon$2$$anonfun$$init$$1.apply(TestFramework.scala:202)
	at sbt.TestFramework$$anon$2$$anonfun$$init$$1.apply(TestFramework.scala:202)
	at sbt.TestFunction.apply(TestFramework.scala:207)
	at sbt.Tests$$anonfun$9.apply(Tests.scala:216)
	at sbt.Tests$$anonfun$9.apply(Tests.scala:216)
	at sbt.std.Transform$$anon$3$$anonfun$apply$2.apply(System.scala:44)
	at sbt.std.Transform$$anon$3$$anonfun$apply$2.apply(System.scala:44)
	at sbt.std.Transform$$anon$4.work(System.scala:63)
	at sbt.Execute$$anonfun$submit$1$$anonfun$apply$1.apply(Execute.scala:228)
	at sbt.Execute$$anonfun$submit$1$$anonfun$apply$1.apply(Execute.scala:228)
	at sbt.ErrorHandling$.wideConvert(ErrorHandling.scala:17)
	at sbt.Execute.work(Execute.scala:237)
	at sbt.Execute$$anonfun$submit$1.apply(Execute.scala:228)
	at sbt.Execute$$anonfun$submit$1.apply(Execute.scala:228)
	at sbt.ConcurrentRestrictions$$anon$4$$anonfun$1.apply(ConcurrentRestrictions.scala:159)
	at sbt.CompletionService$$anon$2.call(CompletionService.scala:28)
	at java.util.concurrent.FutureTask.run(Unknown Source)
	at java.util.concurrent.Executors$RunnableAdapter.call(Unknown Source)
	at java.util.concurrent.FutureTask.run(Unknown Source)
	at java.util.concurrent.ThreadPoolExecutor.runWorker(Unknown Source)
	at java.util.concurrent.ThreadPoolExecutor$Worker.run(Unknown Source)
	at java.lang.Thread.run(Unknown Source)
</failure>
                                               </testcase>
                     <system-out></system-out>
                     <system-err></system-err>
                   </testsuite>